
    2022-06-03T13:37:35.412Z 
    warn: 
    la ruta no existe

    2022-06-03T13:37:35.864Z 
    warn: 
    la ruta no existe

    2022-06-03T13:37:35.954Z 
    warn: 
    la ruta no existe

    2022-06-03T13:37:36.394Z 
    warn: 
    la ruta no existe

    2022-06-03T13:37:36.659Z 
    warn: 
    la ruta no existe

    2022-06-03T13:37:44.802Z 
    warn: 
    la ruta no existe

    2022-06-03T13:37:45.156Z 
    warn: 
    la ruta no existe

    2022-06-03T13:37:45.196Z 
    warn: 
    la ruta no existe

    2022-06-03T13:37:45.213Z 
    warn: 
    la ruta no existe

    2022-06-03T13:38:02.109Z 
    warn: 
    la ruta no existe

    2022-06-03T13:38:02.126Z 
    warn: 
    la ruta no existe

    2022-06-03T13:38:02.269Z 
    warn: 
    la ruta no existe

    2022-06-03T13:38:02.541Z 
    warn: 
    la ruta no existe

    2022-06-03T13:39:04.318Z 
    warn: 
    la ruta no existe

    2022-06-03T13:39:05.334Z 
    warn: 
    la ruta no existe

    2022-06-03T13:39:05.648Z 
    warn: 
    la ruta no existe

    2022-06-03T13:39:05.922Z 
    warn: 
    la ruta no existe

    2022-06-03T13:46:10.430Z 
    warn: 
    la ruta no existe

    2022-06-03T13:46:10.954Z 
    warn: 
    la ruta no existe

    2022-06-03T13:46:11.322Z 
    warn: 
    la ruta no existe

    2022-06-03T13:46:11.334Z 
    warn: 
    la ruta no existe

    2022-06-03T13:48:40.350Z 
    warn: 
    la ruta no existe

    2022-06-03T13:48:40.599Z 
    warn: 
    la ruta no existe

    2022-06-03T13:48:40.687Z 
    warn: 
    la ruta no existe

    2022-06-03T13:48:40.700Z 
    warn: 
    la ruta no existe

    2022-06-03T13:55:38.781Z 
    warn: 
    la ruta no existe

    2022-06-03T13:55:39.346Z 
    warn: 
    la ruta no existe

    2022-06-03T13:55:39.737Z 
    warn: 
    la ruta no existe

    2022-06-03T13:55:39.749Z 
    warn: 
    la ruta no existe

    2022-06-03T13:56:06.214Z 
    warn: 
    la ruta no existe

    2022-06-10T19:13:10.524Z 
    error: 
    undefined

    2022-06-10T19:17:15.762Z 
    error: 
    undefined

    2022-06-10T19:18:20.337Z 
    error: 
    undefined

    2022-06-10T19:23:05.795Z 
    error: 
    undefined

    2022-06-10T19:23:26.987Z 
    error: 
    undefined

    2022-06-10T19:23:57.007Z 
    error: 
    undefined

    2022-06-10T19:24:35.870Z 
    error: 
    undefined

    2022-06-10T19:26:52.882Z 
    error: 
    undefined
